2020-03-15 22:30:55 - TRACE    | T MAIN Totally detailed message [main.py:main:164]
2020-03-15 22:30:55 - INFO     | E MAIN Log level: 0 [main.py:main:165]
2020-03-15 22:30:55 - INFO     | W Adding 2+3=5 [main.py:add:132]
2020-03-15 22:30:55 - DEBUG    | D MAIN add_result: 5 [main.py:main:168]
2020-03-15 22:30:55 - DEBUG    | D UTILS Multiplying 2*3=6 [utils.py:multiply:6]
2020-03-15 22:30:55 - INFO     | I UTILS Multiplying 2*3=6 [utils.py:multiply:7]
2020-03-15 22:30:55 - WARNING  | W UTILS Multiplying 2*3=6 [utils.py:multiply:8]
2020-03-15 22:30:55 - ERROR    | E UTILS Multiplying 2*3=6 [utils.py:multiply:9]
2020-03-15 22:30:55 - CRITICAL | C UTILS Multiplying 2*3=6 [utils.py:multiply:10]
2020-03-15 22:30:55 - SUCCESS  | S UTILS Multiplying 2*3=6 [utils.py:multiply:11]
2020-03-15 22:30:55 - INFO     | I MAIN multiply_result: 6 [main.py:main:171]
2020-03-15 22:30:55 - SUCCESS  | S MAIN Successful message [main.py:main:173]
2020-03-15 22:30:55 - OK       | O MAIN This opration was [32m[1m[ OK ][0m [main.py:main:174]
2020-03-15 22:31:12 - TRACE    | T MAIN Totally detailed message [main.py:main:164]
2020-03-15 22:31:12 - INFO     | E MAIN Log level: 0 [main.py:main:165]
2020-03-15 22:31:12 - INFO     | W Adding 2+3=5 [main.py:add:132]
2020-03-15 22:31:12 - DEBUG    | D MAIN add_result: 5 [main.py:main:168]
2020-03-15 22:31:12 - DEBUG    | D UTILS Multiplying 2*3=6 [utils.py:multiply:6]
2020-03-15 22:31:12 - INFO     | I UTILS Multiplying 2*3=6 [utils.py:multiply:7]
2020-03-15 22:31:12 - WARNING  | W UTILS Multiplying 2*3=6 [utils.py:multiply:8]
2020-03-15 22:31:12 - ERROR    | E UTILS Multiplying 2*3=6 [utils.py:multiply:9]
2020-03-15 22:31:12 - CRITICAL | C UTILS Multiplying 2*3=6 [utils.py:multiply:10]
2020-03-15 22:31:12 - SUCCESS  | S UTILS Multiplying 2*3=6 [utils.py:multiply:11]
2020-03-15 22:31:12 - INFO     | I MAIN multiply_result: 6 [main.py:main:171]
2020-03-15 22:31:12 - SUCCESS  | S MAIN Successful message [main.py:main:173]
2020-03-15 22:31:12 - OK       | O MAIN This opration was [32m[1m[ OK ][0m [main.py:main:174]
2020-03-15 22:31:13 - TRACE    | T MAIN Totally detailed message [main.py:main:164]
2020-03-15 22:31:13 - INFO     | E MAIN Log level: 0 [main.py:main:165]
2020-03-15 22:31:13 - INFO     | W Adding 2+3=5 [main.py:add:132]
2020-03-15 22:31:13 - DEBUG    | D MAIN add_result: 5 [main.py:main:168]
2020-03-15 22:31:13 - DEBUG    | D UTILS Multiplying 2*3=6 [utils.py:multiply:6]
2020-03-15 22:31:13 - INFO     | I UTILS Multiplying 2*3=6 [utils.py:multiply:7]
2020-03-15 22:31:13 - WARNING  | W UTILS Multiplying 2*3=6 [utils.py:multiply:8]
2020-03-15 22:31:13 - ERROR    | E UTILS Multiplying 2*3=6 [utils.py:multiply:9]
2020-03-15 22:31:13 - CRITICAL | C UTILS Multiplying 2*3=6 [utils.py:multiply:10]
2020-03-15 22:31:13 - SUCCESS  | S UTILS Multiplying 2*3=6 [utils.py:multiply:11]
2020-03-15 22:31:13 - INFO     | I MAIN multiply_result: 6 [main.py:main:171]
2020-03-15 22:31:13 - SUCCESS  | S MAIN Successful message [main.py:main:173]
2020-03-15 22:31:13 - OK       | O MAIN This opration was [32m[1m[ OK ][0m [main.py:main:174]
2020-03-15 22:31:23 - TRACE    | T MAIN Totally detailed message [main.py:main:164]
2020-03-15 22:31:23 - INFO     | E MAIN Log level: 0 [main.py:main:165]
2020-03-15 22:31:23 - INFO     | W Adding 2+3=5 [main.py:add:132]
2020-03-15 22:31:23 - DEBUG    | D MAIN add_result: 5 [main.py:main:168]
2020-03-15 22:31:23 - DEBUG    | D UTILS Multiplying 2*3=6 [utils.py:multiply:6]
2020-03-15 22:31:23 - INFO     | I UTILS Multiplying 2*3=6 [utils.py:multiply:7]
2020-03-15 22:31:23 - WARNING  | W UTILS Multiplying 2*3=6 [utils.py:multiply:8]
2020-03-15 22:31:23 - ERROR    | E UTILS Multiplying 2*3=6 [utils.py:multiply:9]
2020-03-15 22:31:23 - CRITICAL | C UTILS Multiplying 2*3=6 [utils.py:multiply:10]
2020-03-15 22:31:23 - SUCCESS  | S UTILS Multiplying 2*3=6 [utils.py:multiply:11]
2020-03-15 22:31:23 - INFO     | I MAIN multiply_result: 6 [main.py:main:171]
2020-03-15 22:31:23 - SUCCESS  | S MAIN Successful message [main.py:main:173]
2020-03-15 22:31:23 - OK       | O MAIN This opration was [32m[1m[ OK ][0m [main.py:main:174]
2020-03-15 22:31:31 - TRACE    | T MAIN Totally detailed message [main.py:main:164]
2020-03-15 22:31:31 - INFO     | E MAIN Log level: 0 [main.py:main:165]
2020-03-15 22:31:31 - INFO     | W Adding 2+3=5 [main.py:add:132]
2020-03-15 22:31:31 - DEBUG    | D MAIN add_result: 5 [main.py:main:168]
2020-03-15 22:31:31 - DEBUG    | D UTILS Multiplying 2*3=6 [utils.py:multiply:6]
2020-03-15 22:31:31 - INFO     | I UTILS Multiplying 2*3=6 [utils.py:multiply:7]
2020-03-15 22:31:31 - WARNING  | W UTILS Multiplying 2*3=6 [utils.py:multiply:8]
2020-03-15 22:31:31 - ERROR    | E UTILS Multiplying 2*3=6 [utils.py:multiply:9]
2020-03-15 22:31:31 - CRITICAL | C UTILS Multiplying 2*3=6 [utils.py:multiply:10]
2020-03-15 22:31:31 - SUCCESS  | S UTILS Multiplying 2*3=6 [utils.py:multiply:11]
2020-03-15 22:31:31 - INFO     | I MAIN multiply_result: 6 [main.py:main:171]
2020-03-15 22:31:31 - SUCCESS  | S MAIN Successful message [main.py:main:173]
2020-03-15 22:31:31 - OK       | O MAIN This opration was [32m[1m[ OK ][0m [main.py:main:174]
